<?xml version="1.0" encoding="UTF-8"?>
<!-- Generated by org.testng.reporters.JUnitReportReporter -->
<testsuite skipped="0" hostname="Lenovo-PC" name="request.post.test.UsersMethodsTest" tests="2" failures="0" timestamp="16 Sep 2018 09:42:31 GMT" time="12.922" errors="0">
  <testcase name="testPostRequestWorks" time="12.695" classname="request.post.test.UsersMethodsTest"/>
  <testcase name="testGetUsers" time="0.227" classname="request.post.test.UsersMethodsTest"/>
</testsuite> <!-- request.post.test.UsersMethodsTest -->
