<?xml version="1.0" encoding="UTF-8"?>
<!-- Generated by org.testng.reporters.JUnitReportReporter -->
<testsuite skipped="0" hostname="Lenovo-PC" name="request.patch.test.TestPatchRequest" tests="1" failures="0" timestamp="16 Sep 2018 11:56:19 GMT" time="1.345" errors="0">
  <testcase name="updateUserbyName" time="1.345" classname="request.patch.test.TestPatchRequest"/>
</testsuite> <!-- request.patch.test.TestPatchRequest -->
