<?xml version="1.0" encoding="UTF-8"?>
<!-- Generated by org.testng.reporters.JUnitReportReporter -->
<testsuite skipped="0" hostname="Lenovo-PC" name="request.delete.test.TestDelete" tests="2" failures="0" timestamp="16 Sep 2018 12:03:09 GMT" time="1.589" errors="0">
  <testcase name="testGetUsers" time="1.184" classname="request.delete.test.TestDelete"/>
  <testcase name="testDeleteUser" time="0.405" classname="request.delete.test.TestDelete"/>
</testsuite> <!-- request.delete.test.TestDelete -->
