<?xml version="1.0" encoding="UTF-8"?>
<!-- Generated by org.testng.reporters.JUnitReportReporter -->
<testsuite skipped="0" hostname="MMEN048" name="request.get.test.NewTest" tests="1" failures="0" timestamp="18 Jan 2018 10:30:12 GMT" time="0.000" errors="0">
  <testcase name="f" time="0.000" classname="request.get.test.NewTest"/>
</testsuite> <!-- request.get.test.NewTest -->
