<?xml version="1.0" encoding="UTF-8"?>
<!-- Generated by org.testng.reporters.JUnitReportReporter -->
<testsuite skipped="0" hostname="Lenovo-PC" name="request.get.test.GetRequestTest" tests="5" failures="0" timestamp="02 Feb 2018 09:15:28 GMT" time="13.004" errors="0">
  <testcase name="testResponseCodeWithBDD" time="0.421" classname="request.get.test.GetRequestTest"/>
  <testcase name="testResponseWithParams" time="0.448" classname="request.get.test.GetRequestTest"/>
  <testcase name="testResponseCode" time="0.228" classname="request.get.test.GetRequestTest"/>
  <testcase name="testResponseBody" time="0.360" classname="request.get.test.GetRequestTest"/>
  <testcase name="testItReturnsTheRightValuesForOneCity" time="11.547" classname="request.get.test.GetRequestTest"/>
</testsuite> <!-- request.get.test.GetRequestTest -->
