<?xml version="1.0" encoding="UTF-8"?>
<!-- Generated by org.testng.reporters.JUnitReportReporter -->
<testsuite skipped="0" hostname="Lenovo-PC" name="request.put.PUTRequest" tests="2" failures="0" timestamp="16 Sep 2018 11:50:39 GMT" time="1.742" errors="0">
  <testcase name="testGetUsers" time="0.135" classname="request.put.PUTRequest"/>
  <testcase name="updateLastUser" time="1.607" classname="request.put.PUTRequest"/>
</testsuite> <!-- request.put.PUTRequest -->
