<?xml version="1.0" encoding="UTF-8"?>
<!-- Generated by org.testng.reporters.JUnitReportReporter -->
<testsuite skipped="0" hostname="Lenovo-PC" name="request.post.test.PostComplexTest" tests="2" failures="0" timestamp="16 Sep 2018 11:15:16 GMT" time="8.088" errors="0">
  <testcase name="postComplexUser" time="7.948" classname="request.post.test.PostComplexTest"/>
  <testcase name="testGetUsers" time="0.140" classname="request.post.test.PostComplexTest"/>
</testsuite> <!-- request.post.test.PostComplexTest -->
