<?xml version="1.0" encoding="UTF-8"?>
<!-- Generated by org.testng.reporters.JUnitReportReporter -->
<testsuite skipped="0" hostname="Lenovo-PC" name="request.get.test.GetRequestTest" tests="5" failures="0" timestamp="16 Sep 2018 17:08:36 GMT" time="13.656" errors="0">
  <testcase name="testResponseCode" time="0.905" classname="request.get.test.GetRequestTest"/>
  <testcase name="testResponseCodeWithBDD" time="1.219" classname="request.get.test.GetRequestTest"/>
  <testcase name="testResponseWithParams" time="1.096" classname="request.get.test.GetRequestTest"/>
  <testcase name="testItReturnsTheRightValuesForOneCity" time="9.487" classname="request.get.test.GetRequestTest"/>
  <testcase name="testResponseBody" time="0.949" classname="request.get.test.GetRequestTest"/>
</testsuite> <!-- request.get.test.GetRequestTest -->
