<?xml version="1.0" encoding="UTF-8"?>
<!-- Generated by org.testng.reporters.JUnitReportReporter -->
<testsuite skipped="0" hostname="Lenovo-PC" name="request.delete.test.TestDelete" tests="1" failures="0" timestamp="16 Sep 2018 17:08:36 GMT" time="0.053" errors="0">
  <testcase name="testDeleteUser" time="0.053" classname="request.delete.test.TestDelete"/>
</testsuite> <!-- request.delete.test.TestDelete -->
