<?xml version="1.0" encoding="UTF-8"?>
<!-- Generated by org.testng.reporters.JUnitReportReporter -->
<testsuite skipped="0" hostname="Lenovo-PC" name="request.put.PUTRequest" tests="1" failures="0" timestamp="16 Sep 2018 17:08:36 GMT" time="0.262" errors="0">
  <testcase name="updateLastUser" time="0.262" classname="request.put.PUTRequest"/>
</testsuite> <!-- request.put.PUTRequest -->
